running egg_info
creating build/turret_servo_pkg/turret_servo_pkg.egg-info
writing build/turret_servo_pkg/turret_servo_pkg.egg-info/PKG-INFO
writing dependency_links to build/turret_servo_pkg/turret_servo_pkg.egg-info/dependency_links.txt
writing entry points to build/turret_servo_pkg/turret_servo_pkg.egg-info/entry_points.txt
writing requirements to build/turret_servo_pkg/turret_servo_pkg.egg-info/requires.txt
writing top-level names to build/turret_servo_pkg/turret_servo_pkg.egg-info/top_level.txt
writing manifest file 'build/turret_servo_pkg/turret_servo_pkg.egg-info/SOURCES.txt'
reading manifest file 'build/turret_servo_pkg/turret_servo_pkg.egg-info/SOURCES.txt'
writing manifest file 'build/turret_servo_pkg/turret_servo_pkg.egg-info/SOURCES.txt'
running build
running build_py
creating /home/projects/ros2_ws/src/turret_servo_pkg/build/turret_servo_pkg/build
creating /home/projects/ros2_ws/src/turret_servo_pkg/build/turret_servo_pkg/build/lib
creating /home/projects/ros2_ws/src/turret_servo_pkg/build/turret_servo_pkg/build/lib/turret_servo_pkg
copying turret_servo_pkg/__init__.py -> /home/projects/ros2_ws/src/turret_servo_pkg/build/turret_servo_pkg/build/lib/turret_servo_pkg
copying turret_servo_pkg/turret_servo_node.py -> /home/projects/ros2_ws/src/turret_servo_pkg/build/turret_servo_pkg/build/lib/turret_servo_pkg
running install
running install_lib
creating /home/projects/ros2_ws/src/turret_servo_pkg/install/turret_servo_pkg/lib/python3.8/site-packages/turret_servo_pkg
copying /home/projects/ros2_ws/src/turret_servo_pkg/build/turret_servo_pkg/build/lib/turret_servo_pkg/__init__.py -> /home/projects/ros2_ws/src/turret_servo_pkg/install/turret_servo_pkg/lib/python3.8/site-packages/turret_servo_pkg
copying /home/projects/ros2_ws/src/turret_servo_pkg/build/turret_servo_pkg/build/lib/turret_servo_pkg/turret_servo_node.py -> /home/projects/ros2_ws/src/turret_servo_pkg/install/turret_servo_pkg/lib/python3.8/site-packages/turret_servo_pkg
byte-compiling /home/projects/ros2_ws/src/turret_servo_pkg/install/turret_servo_pkg/lib/python3.8/site-packages/turret_servo_pkg/__init__.py to __init__.cpython-38.pyc
byte-compiling /home/projects/ros2_ws/src/turret_servo_pkg/install/turret_servo_pkg/lib/python3.8/site-packages/turret_servo_pkg/turret_servo_node.py to turret_servo_node.cpython-38.pyc
running install_data
creating /home/projects/ros2_ws/src/turret_servo_pkg/install/turret_servo_pkg/share/ament_index
creating /home/projects/ros2_ws/src/turret_servo_pkg/install/turret_servo_pkg/share/ament_index/resource_index
creating /home/projects/ros2_ws/src/turret_servo_pkg/install/turret_servo_pkg/share/ament_index/resource_index/packages
copying resource/turret_servo_pkg -> /home/projects/ros2_ws/src/turret_servo_pkg/install/turret_servo_pkg/share/ament_index/resource_index/packages
copying package.xml -> /home/projects/ros2_ws/src/turret_servo_pkg/install/turret_servo_pkg/share/turret_servo_pkg
running install_egg_info
Copying build/turret_servo_pkg/turret_servo_pkg.egg-info to /home/projects/ros2_ws/src/turret_servo_pkg/install/turret_servo_pkg/lib/python3.8/site-packages/turret_servo_pkg-0.0.0-py3.8.egg-info
running install_scripts
Installing turret_servo_node script to /home/projects/ros2_ws/src/turret_servo_pkg/install/turret_servo_pkg/lib/turret_servo_pkg
writing list of installed files to '/home/projects/ros2_ws/src/turret_servo_pkg/build/turret_servo_pkg/install.log'
